
xv6 kernel is booting

hart 1 starting
hart 2 starting
page table 0x0000000087f6b000
..0: pte 0x0000000021fd9c01 pa 0x0000000087f67000
.. ..0: pte 0x0000000021fd9801 pa 0x0000000087f66000
.. .. ..0: pte 0x0000000021fda01b pa 0x0000000087f68000
.. .. ..1: pte 0x0000000021fd9417 pa 0x0000000087f65000
.. .. ..2: pte 0x0000000021fd9007 pa 0x0000000087f64000
.. .. ..3: pte 0x0000000021fd8c17 pa 0x0000000087f63000
..255: pte 0x0000000021fda801 pa 0x0000000087f6a000
.. ..511: pte 0x0000000021fda401 pa 0x0000000087f69000
.. .. ..509: pte 0x0000000021fdcc13 pa 0x0000000087f73000
.. .. ..510: pte 0x0000000021fdd007 pa 0x0000000087f74000
.. .. ..511: pte 0x0000000020001c0b pa 0x0000000080007000
init: starting sh
$ usertests -q
123usertests starting
test copyin: OK
test copyout: OK
test copyinstr1: OK
test copyinstr2: OK
test copyinstr3: OK
test rwsbrk: OK
test truncate1: OK
test truncate2: OK
test truncate3: OK
test openiput: OK
test exitiput: OK
test iput: OK
test opentest: OK
test writetest: OK
test writebig: qemu-system-riscv64: terminating on signal 2
